time="2022-11-11T13:06:00+05:00" level=info msg="Initialization config" func="main.main()" file="main.go:16"
time="2022-11-11T13:06:30+05:00" level=info msg="Initialization config" func="main.main()" file="main.go:16"
time="2022-11-11T13:06:30+05:00" level=info msg="Starting server on port: 9090" func="main.main()" file="main.go:26"
time="2022-11-11T13:17:41+05:00" level=info msg="Recived: Name:\"Rustam\"  Surname:\"Khusainov\"  Username:\"khusainnov\"  Email:\"test@gmail.com\"  Phone:\"+71234567890\"  Gender:\"male\"  Password:\"qwerty\"" func="github.com/khusainnov/auth-service.(*Server).CreateUser()" file="server.go:23"
time="2022-11-11T13:18:08+05:00" level=info msg="Recived: Name:\"Rustam\"  Surname:\"Khusainov\"  Username:\"khusainnov\"  Email:\"test@gmail.com\"  Phone:\"+71234567890\"  Gender:\"male\"  Password:\"qwerty\"" func="github.com/khusainnov/auth-service.(*Server).CreateUser()" file="server.go:23"
time="2022-11-11T13:23:16+05:00" level=info msg="Initialization config" func="main.main()" file="main.go:16"
time="2022-11-11T13:23:16+05:00" level=info msg="Starting server on port: 9090" func="main.main()" file="main.go:26"
time="2022-11-11T13:26:55+05:00" level=info msg="Initialization config" func="main.main()" file="main.go:16"
time="2022-11-11T13:26:55+05:00" level=info msg="Starting server on port: 9090" func="main.main()" file="main.go:26"
time="2022-11-11T13:46:10+05:00" level=info msg="Initialization config" func="main.main()" file="main.go:16"
time="2022-11-11T13:46:10+05:00" level=info msg="Starting server on port: 9090" func="main.main()" file="main.go:26"
time="2022-11-11T13:46:42+05:00" level=info msg="Initialization config" func="main.main()" file="main.go:16"
time="2022-11-11T13:46:42+05:00" level=info msg="Starting server on port: 9090" func="main.main()" file="main.go:26"
time="2022-11-11T13:49:04+05:00" level=info msg="Initialization config" func="main.main()" file="main.go:16"
time="2022-11-11T13:49:04+05:00" level=info msg="Starting server on port: 9090" func="main.main()" file="main.go:26"
time="2022-11-11T13:52:49+05:00" level=info msg="Initialization config" func="main.main()" file="main.go:16"
time="2022-11-11T13:52:49+05:00" level=info msg="Starting server on port: 9090" func="main.main()" file="main.go:26"
time="2022-11-11T14:03:10+05:00" level=info msg="Initialization config" func="main.main()" file="main.go:16"
time="2022-11-11T14:03:10+05:00" level=info msg="Starting server on port: 9090" func="main.main()" file="main.go:26"
time="2022-11-11T14:03:10+05:00" level=error msg="Error due start the server: listen tcp :9090: bind: address already in use" func="main.main()" file="main.go:29"
time="2022-11-11T16:52:35+05:00" level=info msg="Initialization config" func="main.main()" file="main.go:25"
time="2022-11-11T16:52:35+05:00" level=info msg="Starting server on port: 9090" func="main.main()" file="main.go:39"
time="2022-11-11T16:52:39+05:00" level=info msg="Initialization config" func="main.main()" file="main.go:25"
time="2022-11-11T16:52:39+05:00" level=info msg="Starting server on port: 9090" func="main.main()" file="main.go:39"
time="2022-11-11T16:52:39+05:00" level=error msg="Error due start the server: listen tcp :9090: bind: address already in use" func="main.main()" file="main.go:42"
time="2022-11-11T17:15:57+05:00" level=info msg="Initialization config" func="main.main()" file="main.go:26"
time="2022-11-11T17:15:57+05:00" level=info msg="Initializing PostgresDB" func="main.main()" file="main.go:32"
time="2022-11-11T17:15:57+05:00" level=info msg="Starting server on port: 9090" func="main.main()" file="main.go:52"
time="2022-11-11T17:16:25+05:00" level=info msg="Initialization config" func="main.main()" file="main.go:26"
time="2022-11-11T17:16:25+05:00" level=info msg="Initializing PostgresDB" func="main.main()" file="main.go:32"
time="2022-11-11T17:16:25+05:00" level=info msg="Starting server on port: 9090" func="main.main()" file="main.go:52"
time="2022-11-11T17:28:51+05:00" level=info msg="Initialization config" func="main.main()" file="main.go:26"
time="2022-11-11T17:28:51+05:00" level=info msg="Initializing PostgresDB" func="main.main()" file="main.go:32"
time="2022-11-11T17:28:51+05:00" level=info msg="Starting server on port: 9090" func="main.main()" file="main.go:52"
time="2022-11-11T17:44:11+05:00" level=info msg="Initialization config" func="main.main()" file="main.go:25"
time="2022-11-11T17:44:11+05:00" level=info msg="Initializing PostgresDB" func="main.main()" file="main.go:31"
time="2022-11-11T17:44:11+05:00" level=info msg="Starting server on port: 9090" func="main.main()" file="main.go:51"
time="2022-11-11T22:10:29+05:00" level=info msg="Initialization config" func="main.main()" file="main.go:25"
time="2022-11-11T22:10:29+05:00" level=info msg="Initializing PostgresDB" func="main.main()" file="main.go:31"
time="2022-11-11T22:10:29+05:00" level=info msg="Starting server on port: 9090" func="main.main()" file="main.go:51"
time="2022-11-11T22:40:48+05:00" level=info msg="Initialization config" func="main.main()" file="main.go:24"
time="2022-11-11T22:40:48+05:00" level=info msg="Initializing PostgresDB" func="main.main()" file="main.go:30"
time="2022-11-11T22:40:48+05:00" level=info msg="Starting server on port: 9090" func="main.main()" file="main.go:50"
time="2022-11-11T23:32:01+05:00" level=info msg="Initialization config" func="main.main()" file="main.go:24"
time="2022-11-11T23:32:01+05:00" level=info msg="Initializing PostgresDB" func="main.main()" file="main.go:30"
time="2022-11-11T23:32:01+05:00" level=info msg="Starting server on port: 9090" func="main.main()" file="main.go:50"
time="2022-11-12T00:00:17+05:00" level=info msg="Initialization config" func="main.main()" file="main.go:24"
time="2022-11-12T00:00:17+05:00" level=info msg="Initializing PostgresDB" func="main.main()" file="main.go:30"
time="2022-11-12T00:00:17+05:00" level=info msg="Starting server on port: 9090" func="main.main()" file="main.go:50"
time="2022-11-12T00:00:45+05:00" level=info msg="Initialization config" func="main.main()" file="main.go:24"
time="2022-11-12T00:00:45+05:00" level=info msg="Initializing PostgresDB" func="main.main()" file="main.go:30"
time="2022-11-12T00:00:45+05:00" level=info msg="Starting server on port: 9090" func="main.main()" file="main.go:50"
time="2022-11-12T00:00:54+05:00" level=info msg="Initialization config" func="main.main()" file="main.go:24"
time="2022-11-12T00:00:54+05:00" level=info msg="Initializing PostgresDB" func="main.main()" file="main.go:30"
time="2022-11-12T00:00:54+05:00" level=info msg="Starting server on port: 9090" func="main.main()" file="main.go:50"
time="2022-11-12T11:49:48+05:00" level=info msg="Initialization config" func="main.main()" file="main.go:24"
time="2022-11-12T11:49:48+05:00" level=info msg="Initializing PostgresDB" func="main.main()" file="main.go:30"
time="2022-11-12T11:49:48+05:00" level=info msg="Starting server on port: 9090" func="main.main()" file="main.go:50"
time="2022-11-12T12:16:15+05:00" level=info msg="Initialization config" func="main.main()" file="main.go:24"
time="2022-11-12T12:16:15+05:00" level=info msg="Initializing PostgresDB" func="main.main()" file="main.go:30"
time="2022-11-12T12:16:16+05:00" level=info msg="Starting server on port: 9090" func="main.main()" file="main.go:50"
time="2022-11-12T12:18:53+05:00" level=info msg="Initialization config" func="main.main()" file="main.go:24"
time="2022-11-12T12:18:53+05:00" level=info msg="Initializing PostgresDB" func="main.main()" file="main.go:30"
time="2022-11-12T12:18:53+05:00" level=info msg="Starting server on port: 9090" func="main.main()" file="main.go:50"
time="2022-11-14T11:12:39+05:00" level=info msg="Initialization config" func="main.main()" file="main.go:24"
time="2022-11-14T11:12:39+05:00" level=info msg="Initializing PostgresDB" func="main.main()" file="main.go:30"
time="2022-11-14T11:12:39+05:00" level=info msg="Starting server on port: 9090" func="main.main()" file="main.go:50"
time="2022-11-14T11:17:30+05:00" level=info msg="Initialization config" func="main.main()" file="main.go:24"
time="2022-11-14T11:17:30+05:00" level=info msg="Initializing PostgresDB" func="main.main()" file="main.go:30"
time="2022-11-14T11:17:30+05:00" level=info msg="Starting server on port: 9090" func="main.main()" file="main.go:50"
time="2022-11-14T11:18:01+05:00" level=info msg="Initialization config" func="main.main()" file="main.go:24"
time="2022-11-14T11:18:01+05:00" level=info msg="Initializing PostgresDB" func="main.main()" file="main.go:30"
time="2022-11-14T11:18:01+05:00" level=info msg="Starting server on port: 9090" func="main.main()" file="main.go:50"
time="2022-11-14T11:18:35+05:00" level=info msg="Initialization config" func="main.main()" file="main.go:24"
time="2022-11-14T11:18:35+05:00" level=info msg="Initializing PostgresDB" func="main.main()" file="main.go:30"
time="2022-11-14T11:18:35+05:00" level=info msg="Starting server on port: 9090" func="main.main()" file="main.go:50"
time="2022-11-14T11:24:54+05:00" level=info msg="Initialization config" func="main.main()" file="main.go:24"
time="2022-11-14T11:24:54+05:00" level=info msg="Initializing PostgresDB" func="main.main()" file="main.go:30"
time="2022-11-14T11:24:54+05:00" level=info msg="Starting server on port: 9090" func="main.main()" file="main.go:50"
time="2022-11-15T20:22:09+05:00" level=info msg="Initialization config" func="main.main()" file="main.go:24"
time="2022-11-15T20:22:09+05:00" level=info msg="Initializing PostgresDB" func="main.main()" file="main.go:30"
time="2022-11-15T20:22:09+05:00" level=error msg="Cannot run db, due to error: dial tcp [::1]:5435: connect: connection refused" func="main.main()" file="main.go:40"
time="2022-11-15T20:22:09+05:00" level=info msg="Starting server on port: 9090" func="main.main()" file="main.go:50"
time="2022-11-15T20:22:20+05:00" level=info msg="Initialization config" func="main.main()" file="main.go:24"
time="2022-11-15T20:22:20+05:00" level=info msg="Initializing PostgresDB" func="main.main()" file="main.go:30"
time="2022-11-15T20:22:20+05:00" level=error msg="Cannot run db, due to error: dial tcp [::1]:5435: connect: connection refused" func="main.main()" file="main.go:40"
time="2022-11-15T20:22:20+05:00" level=info msg="Starting server on port: 9090" func="main.main()" file="main.go:50"
time="2022-11-15T20:42:32+05:00" level=info msg="Initialization config" func="main.main()" file="main.go:24"
time="2022-11-15T20:42:32+05:00" level=info msg="Initializing PostgresDB" func="main.main()" file="main.go:30"
time="2022-11-15T20:42:32+05:00" level=error msg="Cannot run db, due to error: dial tcp [::1]:5435: connect: connection refused" func="main.main()" file="main.go:40"
time="2022-11-15T20:42:32+05:00" level=info msg="Starting server on port: 9090" func="main.main()" file="main.go:50"
time="2022-11-15T20:49:10+05:00" level=info msg="Initialization config" func="main.main()" file="main.go:24"
time="2022-11-15T20:49:10+05:00" level=info msg="Initializing PostgresDB" func="main.main()" file="main.go:30"
time="2022-11-15T20:49:10+05:00" level=error msg="Cannot run db, due to error: dial tcp [::1]:5435: connect: connection refused" func="main.main()" file="main.go:40"
time="2022-11-15T20:49:10+05:00" level=info msg="Starting server on port: 9090" func="main.main()" file="main.go:50"
time="2022-11-15T20:50:36+05:00" level=info msg="Initialization config" func="main.main()" file="main.go:24"
time="2022-11-15T20:50:36+05:00" level=info msg="Initializing PostgresDB" func="main.main()" file="main.go:30"
time="2022-11-15T20:50:36+05:00" level=error msg="Cannot run db, due to error: dial tcp [::1]:5435: connect: connection refused" func="main.main()" file="main.go:40"
time="2022-11-15T20:50:36+05:00" level=info msg="Starting server on port: 9090" func="main.main()" file="main.go:50"
time="2022-11-15T20:51:26+05:00" level=info msg="Initialization config" func="main.main()" file="main.go:24"
time="2022-11-15T20:51:26+05:00" level=info msg="Initializing PostgresDB" func="main.main()" file="main.go:30"
time="2022-11-15T20:51:26+05:00" level=error msg="Cannot run db, due to error: dial tcp [::1]:5435: connect: connection refused" func="main.main()" file="main.go:40"
time="2022-11-15T20:51:26+05:00" level=info msg="Starting server on port: 9090" func="main.main()" file="main.go:50"
time="2022-11-15T20:52:00+05:00" level=info msg="Initialization config" func="main.main()" file="main.go:24"
time="2022-11-15T20:52:00+05:00" level=info msg="Initializing PostgresDB" func="main.main()" file="main.go:30"
time="2022-11-15T20:52:00+05:00" level=error msg="Cannot run db, due to error: dial tcp [::1]:5435: connect: connection refused" func="main.main()" file="main.go:40"
time="2022-11-15T20:52:00+05:00" level=info msg="Starting server on port: 9090" func="main.main()" file="main.go:50"
time="2022-11-15T20:53:11+05:00" level=info msg="Initialization config" func="main.main()" file="main.go:24"
time="2022-11-15T20:53:11+05:00" level=info msg="Initializing PostgresDB" func="main.main()" file="main.go:30"
time="2022-11-15T20:53:11+05:00" level=error msg="Cannot run db, due to error: dial tcp [::1]:5435: connect: connection refused" func="main.main()" file="main.go:40"
time="2022-11-15T20:53:11+05:00" level=info msg="Starting server on port: 9090" func="main.main()" file="main.go:50"
time="2022-11-17T20:18:53+05:00" level=info msg="Initialization config" func="main.main()" file="main.go:24"
time="2022-11-17T20:18:53+05:00" level=info msg="Initializing PostgresDB" func="main.main()" file="main.go:30"
time="2022-11-17T20:18:53+05:00" level=error msg="Cannot run db, due to error: dial tcp [::1]:5435: connect: connection refused" func="main.main()" file="main.go:40"
time="2022-11-17T20:18:53+05:00" level=info msg="Starting server on port: 9090" func="main.main()" file="main.go:50"
time="2022-11-17T20:19:03+05:00" level=info msg="Initialization config" func="main.main()" file="main.go:24"
time="2022-11-17T20:19:03+05:00" level=info msg="Initializing PostgresDB" func="main.main()" file="main.go:30"
time="2022-11-17T20:19:04+05:00" level=info msg="Starting server on port: 9090" func="main.main()" file="main.go:50"
time="2022-11-17T20:21:19+05:00" level=info msg="Initialization config" func="main.main()" file="main.go:24"
time="2022-11-17T20:21:19+05:00" level=info msg="Initializing PostgresDB" func="main.main()" file="main.go:30"
time="2022-11-17T20:21:19+05:00" level=info msg="Starting server on port: 9090" func="main.main()" file="main.go:50"
time="2022-11-17T20:21:42+05:00" level=info msg="Initialization config" func="main.main()" file="main.go:24"
time="2022-11-17T20:21:42+05:00" level=info msg="Initializing PostgresDB" func="main.main()" file="main.go:30"
time="2022-11-17T20:21:42+05:00" level=info msg="Starting server on port: 9090" func="main.main()" file="main.go:50"
time="2022-11-17T20:29:50+05:00" level=info msg="Initialization config" func="main.main()" file="main.go:24"
time="2022-11-17T20:29:50+05:00" level=info msg="Initializing PostgresDB" func="main.main()" file="main.go:30"
time="2022-11-17T20:29:50+05:00" level=info msg="Starting server on port: 9090" func="main.main()" file="main.go:50"
time="2022-11-17T20:30:30+05:00" level=info msg="Initialization config" func="main.main()" file="main.go:24"
time="2022-11-17T20:30:30+05:00" level=info msg="Initializing PostgresDB" func="main.main()" file="main.go:30"
time="2022-11-17T20:30:30+05:00" level=info msg="Starting server on port: 9090" func="main.main()" file="main.go:50"
time="2022-11-17T20:31:57+05:00" level=info msg="Initialization config" func="main.main()" file="main.go:24"
time="2022-11-17T20:31:57+05:00" level=info msg="Initializing PostgresDB" func="main.main()" file="main.go:30"
time="2022-11-17T20:31:57+05:00" level=info msg="Starting server on port: 9090" func="main.main()" file="main.go:50"
time="2022-11-17T20:34:08+05:00" level=info msg="Initialization config" func="main.main()" file="main.go:24"
time="2022-11-17T20:34:08+05:00" level=info msg="Initializing PostgresDB" func="main.main()" file="main.go:30"
time="2022-11-17T20:34:08+05:00" level=info msg="Starting server on port: 9090" func="main.main()" file="main.go:50"
time="2022-11-17T20:43:00+05:00" level=info msg="Initialization config" func="main.main()" file="main.go:24"
time="2022-11-17T20:43:00+05:00" level=info msg="Initializing PostgresDB" func="main.main()" file="main.go:30"
time="2022-11-17T20:43:01+05:00" level=info msg="Starting server on port: 9090" func="main.main()" file="main.go:50"
time="2022-11-17T20:46:51+05:00" level=info msg="Initialization config" func="main.main()" file="main.go:24"
time="2022-11-17T20:46:51+05:00" level=info msg="Initializing PostgresDB" func="main.main()" file="main.go:30"
time="2022-11-17T20:46:51+05:00" level=info msg="Starting server on port: 9090" func="main.main()" file="main.go:50"
time="2022-11-17T20:48:58+05:00" level=info msg="Initialization config" func="main.main()" file="main.go:24"
time="2022-11-17T20:48:58+05:00" level=info msg="Initializing PostgresDB" func="main.main()" file="main.go:30"
time="2022-11-17T20:48:58+05:00" level=info msg="Starting server on port: 9090" func="main.main()" file="main.go:50"
time="2022-11-17T20:50:12+05:00" level=info msg="Initialization config" func="main.main()" file="main.go:24"
time="2022-11-17T20:50:12+05:00" level=info msg="Initializing PostgresDB" func="main.main()" file="main.go:30"
time="2022-11-17T20:50:12+05:00" level=info msg="Starting server on port: 9090" func="main.main()" file="main.go:50"
time="2022-11-17T20:51:06+05:00" level=info msg="Initialization config" func="main.main()" file="main.go:24"
time="2022-11-17T20:51:06+05:00" level=info msg="Initializing PostgresDB" func="main.main()" file="main.go:30"
time="2022-11-17T20:51:06+05:00" level=info msg="Starting server on port: 9090" func="main.main()" file="main.go:50"
time="2022-11-17T21:29:28+05:00" level=info msg="Initialization config" func="main.main()" file="main.go:24"
time="2022-11-17T21:29:28+05:00" level=info msg="Initializing PostgresDB" func="main.main()" file="main.go:30"
time="2022-11-17T21:29:28+05:00" level=info msg="Starting server on port: 9090" func="main.main()" file="main.go:50"
time="2022-11-17T21:30:02+05:00" level=info msg="Initialization config" func="main.main()" file="main.go:24"
time="2022-11-17T21:30:02+05:00" level=info msg="Initializing PostgresDB" func="main.main()" file="main.go:30"
time="2022-11-17T21:30:02+05:00" level=info msg="Starting server on port: 9090" func="main.main()" file="main.go:50"
time="2022-11-17T21:32:48+05:00" level=info msg="Initialization config" func="main.main()" file="main.go:24"
time="2022-11-17T21:32:48+05:00" level=info msg="Initializing PostgresDB" func="main.main()" file="main.go:30"
time="2022-11-17T21:32:48+05:00" level=info msg="Starting server on port: 9090" func="main.main()" file="main.go:50"
time="2022-11-17T21:32:52+05:00" level=info msg="Initialization config" func="main.main()" file="main.go:24"
time="2022-11-17T21:32:52+05:00" level=info msg="Initializing PostgresDB" func="main.main()" file="main.go:30"
time="2022-11-17T21:32:52+05:00" level=info msg="Starting server on port: 9090" func="main.main()" file="main.go:50"
time="2022-11-17T21:34:08+05:00" level=info msg="Initialization config" func="main.main()" file="main.go:24"
time="2022-11-17T21:34:08+05:00" level=info msg="Initializing PostgresDB" func="main.main()" file="main.go:30"
time="2022-11-17T21:34:08+05:00" level=info msg="Starting server on port: 9090" func="main.main()" file="main.go:50"
time="2022-11-17T21:39:47+05:00" level=info msg="Initialization config" func="main.main()" file="main.go:24"
time="2022-11-17T21:39:47+05:00" level=info msg="Initializing PostgresDB" func="main.main()" file="main.go:30"
time="2022-11-17T21:39:48+05:00" level=info msg="Starting server on port: 9090" func="main.main()" file="main.go:50"
time="2022-11-17T21:40:36+05:00" level=info msg="Initialization config" func="main.main()" file="main.go:24"
time="2022-11-17T21:40:36+05:00" level=info msg="Initializing PostgresDB" func="main.main()" file="main.go:30"
time="2022-11-17T21:40:36+05:00" level=info msg="Starting server on port: 9090" func="main.main()" file="main.go:50"
time="2022-11-17T21:40:55+05:00" level=info msg="Initialization config" func="main.main()" file="main.go:24"
time="2022-11-17T21:40:55+05:00" level=info msg="Initializing PostgresDB" func="main.main()" file="main.go:30"
time="2022-11-17T21:40:55+05:00" level=info msg="Starting server on port: 9090" func="main.main()" file="main.go:50"
time="2022-11-17T22:19:13+05:00" level=info msg="Initialization config" func="main.main()" file="main.go:24"
time="2022-11-17T22:19:13+05:00" level=info msg="Initializing PostgresDB" func="main.main()" file="main.go:30"
time="2022-11-17T22:19:13+05:00" level=info msg="Starting server on port: 9090" func="main.main()" file="main.go:50"
time="2022-11-18T10:11:29+05:00" level=info msg="Initialization config" func="main.main()" file="main.go:24"
time="2022-11-18T10:11:29+05:00" level=info msg="Initializing PostgresDB" func="main.main()" file="main.go:30"
time="2022-11-18T10:11:29+05:00" level=info msg="Starting server on port: 9090" func="main.main()" file="main.go:50"
time="2022-11-18T10:11:34+05:00" level=info msg="stream interceptor: /grpc.reflection.v1alpha.ServerReflection/ServerReflectionInfo\n" func="github.com/khusainnov/auth-service.streamInterceptor()" file="server.go:80"
time="2022-11-18T10:11:53+05:00" level=info msg="Initialization config" func="main.main()" file="main.go:24"
time="2022-11-18T10:11:53+05:00" level=info msg="Initializing PostgresDB" func="main.main()" file="main.go:30"
time="2022-11-18T10:11:53+05:00" level=info msg="Starting server on port: 9090" func="main.main()" file="main.go:50"
time="2022-11-18T10:12:13+05:00" level=info msg="unary interceptor: /AuthService/CreateUser" func="github.com/khusainnov/auth-service.unaryInterceptor()" file="server.go:75"
time="2022-11-18T10:16:46+05:00" level=info msg="unary interceptor: /AuthService/CreateUser" func="github.com/khusainnov/auth-service.unaryInterceptor()" file="server.go:75"
time="2022-11-18T10:17:48+05:00" level=info msg="unary interceptor: /AuthService/CreateUser" func="github.com/khusainnov/auth-service.unaryInterceptor()" file="server.go:75"
time="2022-11-18T10:18:19+05:00" level=info msg="unary interceptor: /AuthService/CreateUser" func="github.com/khusainnov/auth-service.unaryInterceptor()" file="server.go:75"
time="2022-11-18T10:18:19+05:00" level=info msg="unary interceptor: /AuthService/CreateUser" func="github.com/khusainnov/auth-service.unaryInterceptor()" file="server.go:75"
time="2022-11-18T10:18:35+05:00" level=info msg="Initialization config" func="main.main()" file="main.go:24"
time="2022-11-18T10:18:35+05:00" level=info msg="Initializing PostgresDB" func="main.main()" file="main.go:30"
time="2022-11-18T10:18:35+05:00" level=info msg="Starting server on port: 9090" func="main.main()" file="main.go:50"
time="2022-11-18T10:18:40+05:00" level=info msg="unary interceptor: /AuthService/CreateUser" func="github.com/khusainnov/auth-service.unaryInterceptor()" file="server.go:75"
time="2022-11-18T10:18:40+05:00" level=info msg="unary interceptor: /AuthService/CreateUser" func="github.com/khusainnov/auth-service.unaryInterceptor()" file="server.go:75"
time="2022-11-18T10:19:04+05:00" level=info msg="unary interceptor: /AuthService/CreateUser" func="github.com/khusainnov/auth-service.unaryInterceptor()" file="server.go:75"
time="2022-11-18T10:19:14+05:00" level=info msg="unary interceptor: /AuthService/CreateUser" func="github.com/khusainnov/auth-service.unaryInterceptor()" file="server.go:75"
time="2022-11-18T10:19:14+05:00" level=info msg="unary interceptor: /AuthService/CreateUser" func="github.com/khusainnov/auth-service.unaryInterceptor()" file="server.go:75"
time="2022-11-18T10:29:21+05:00" level=info msg="Initialization config" func="main.main()" file="main.go:24"
time="2022-11-18T10:29:21+05:00" level=info msg="Initializing PostgresDB" func="main.main()" file="main.go:30"
time="2022-11-18T10:29:21+05:00" level=info msg="Starting server on port: 9090" func="main.main()" file="main.go:50"
time="2022-11-18T10:29:49+05:00" level=info msg="unary interceptor: /AuthService/CreateUser" func="github.com/khusainnov/auth-service.unaryInterceptor()" file="server.go:75"
time="2022-11-18T10:30:11+05:00" level=info msg="unary interceptor: /AuthService/GetUser" func="github.com/khusainnov/auth-service.unaryInterceptor()" file="server.go:75"
time="2022-11-18T10:30:41+05:00" level=info msg="Initialization config" func="main.main()" file="main.go:24"
time="2022-11-18T10:30:41+05:00" level=info msg="Initializing PostgresDB" func="main.main()" file="main.go:30"
time="2022-11-18T10:30:41+05:00" level=info msg="Starting server on port: 9090" func="main.main()" file="main.go:50"
time="2022-11-18T10:30:49+05:00" level=info msg="unary interceptor: /AuthService/GetUser" func="github.com/khusainnov/auth-service.unaryInterceptor()" file="server.go:75"
time="2022-11-18T10:31:07+05:00" level=info msg="Initialization config" func="main.main()" file="main.go:24"
time="2022-11-18T10:31:07+05:00" level=info msg="Initializing PostgresDB" func="main.main()" file="main.go:30"
time="2022-11-18T10:31:07+05:00" level=info msg="Starting server on port: 9090" func="main.main()" file="main.go:50"
time="2022-11-18T10:31:17+05:00" level=info msg="unary interceptor: /AuthService/GetUser" func="github.com/khusainnov/auth-service.unaryInterceptor()" file="server.go:75"
time="2022-11-18T10:32:47+05:00" level=info msg="Initialization config" func="main.main()" file="main.go:24"
time="2022-11-18T10:32:47+05:00" level=info msg="Initializing PostgresDB" func="main.main()" file="main.go:30"
time="2022-11-18T10:32:47+05:00" level=info msg="Starting server on port: 9090" func="main.main()" file="main.go:50"
time="2022-11-18T10:32:54+05:00" level=info msg="unary interceptor: /AuthService/GetUser" func="github.com/khusainnov/auth-service.unaryInterceptor()" file="server.go:75"
time="2022-11-18T10:36:28+05:00" level=info msg="Initialization config" func="main.main()" file="main.go:24"
time="2022-11-18T10:36:28+05:00" level=info msg="Initializing PostgresDB" func="main.main()" file="main.go:30"
time="2022-11-18T10:36:28+05:00" level=info msg="Starting server on port: 9090" func="main.main()" file="main.go:50"
time="2022-11-18T10:36:40+05:00" level=info msg="unary interceptor: /AuthService/GetUser" func="github.com/khusainnov/auth-service.unaryInterceptor()" file="server.go:75"
time="2022-11-18T10:37:08+05:00" level=info msg="unary interceptor: /AuthService/GetUser" func="github.com/khusainnov/auth-service.unaryInterceptor()" file="server.go:75"
time="2022-11-18T10:37:14+05:00" level=info msg="unary interceptor: /AuthService/GetUser" func="github.com/khusainnov/auth-service.unaryInterceptor()" file="server.go:75"
time="2022-11-18T10:38:07+05:00" level=info msg="Initialization config" func="main.main()" file="main.go:24"
time="2022-11-18T10:38:07+05:00" level=info msg="Initializing PostgresDB" func="main.main()" file="main.go:30"
time="2022-11-18T10:38:08+05:00" level=info msg="Starting server on port: 9090" func="main.main()" file="main.go:50"
time="2022-11-18T10:38:12+05:00" level=info msg="unary interceptor: /AuthService/GetUser" func="github.com/khusainnov/auth-service.unaryInterceptor()" file="server.go:75"
time="2022-11-18T10:40:33+05:00" level=info msg="Initialization config" func="main.main()" file="main.go:24"
time="2022-11-18T10:40:33+05:00" level=info msg="Initializing PostgresDB" func="main.main()" file="main.go:30"
time="2022-11-18T10:40:33+05:00" level=info msg="Starting server on port: 9090" func="main.main()" file="main.go:50"
time="2022-11-18T10:40:39+05:00" level=info msg="unary interceptor: /AuthService/GetUser" func="github.com/khusainnov/auth-service.unaryInterceptor()" file="server.go:75"
time="2022-11-18T23:23:44+05:00" level=info msg="Initialization config" func="main.main()" file="main.go:24"
time="2022-11-18T23:23:44+05:00" level=info msg="Initializing PostgresDB" func="main.main()" file="main.go:30"
time="2022-11-18T23:23:44+05:00" level=info msg="Starting server on port: 9090" func="main.main()" file="main.go:50"
time="2022-11-18T23:24:15+05:00" level=info msg="stream interceptor: /grpc.reflection.v1alpha.ServerReflection/ServerReflectionInfo" func="github.com/khusainnov/auth-service.streamInterceptor()" file="server.go:80"
time="2022-11-18T23:24:56+05:00" level=info msg="unary interceptor: /AuthService/CreateUser" func="github.com/khusainnov/auth-service.unaryInterceptor()" file="server.go:75"
time="2022-11-19T14:39:17+05:00" level=info msg="Initialization config" func="main.main()" file="main.go:27"
time="2022-11-19T14:39:17+05:00" level=info msg="Initializing PostgresDB" func="main.main()" file="main.go:33"
time="2022-11-19T14:39:17+05:00" level=fatal msg="cannot connect to redis, due to error: dial tcp [::1]:6379: connect: connection refused" func="main.main()" file="main.go:57"
time="2022-11-19T14:41:15+05:00" level=info msg="Initialization config" func="main.main()" file="main.go:27"
time="2022-11-19T14:41:15+05:00" level=info msg="Initializing PostgresDB" func="main.main()" file="main.go:33"
time="2022-11-19T14:41:15+05:00" level=info msg="Starting server on port: 9090" func="main.main()" file="main.go:66"
time="2022-11-19T14:42:08+05:00" level=info msg="Initialization config" func="main.main()" file="main.go:27"
time="2022-11-19T14:42:08+05:00" level=info msg="connecting to postgres" func="main.main()" file="main.go:33"
time="2022-11-19T14:42:08+05:00" level=info msg="connecting to redis" func="main.main()" file="main.go:47"
time="2022-11-19T14:42:08+05:00" level=info msg="Starting server on port: 9090" func="main.main()" file="main.go:67"
time="2022-11-19T14:42:27+05:00" level=info msg="stream interceptor: /grpc.reflection.v1alpha.ServerReflection/ServerReflectionInfo" func="github.com/khusainnov/auth-service.streamInterceptor()" file="server.go:80"
time="2022-11-19T14:43:13+05:00" level=info msg="unary interceptor: /AuthService/CreateUser" func="github.com/khusainnov/auth-service.unaryInterceptor()" file="server.go:75"
time="2022-11-19T14:43:58+05:00" level=info msg="unary interceptor: /AuthService/GetUser" func="github.com/khusainnov/auth-service.unaryInterceptor()" file="server.go:75"
time="2022-11-19T15:42:21+05:00" level=info msg="Initialization config" func="main.main()" file="main.go:28"
time="2022-11-19T15:42:21+05:00" level=info msg="connecting to postgres" func="main.main()" file="main.go:34"
time="2022-11-19T15:42:21+05:00" level=info msg="connecting to redis" func="main.main()" file="main.go:48"
time="2022-11-19T15:42:21+05:00" level=info msg="Starting server on port: 9090" func="main.main()" file="main.go:68"
time="2022-11-19T15:42:26+05:00" level=info msg="stream interceptor: /grpc.reflection.v1alpha.ServerReflection/ServerReflectionInfo" func="github.com/khusainnov/auth-service.streamInterceptor()" file="server.go:91"
time="2022-11-19T15:42:44+05:00" level=info msg="unary interceptor: /AuthService/GetUser" func="github.com/khusainnov/auth-service.unaryInterceptor()" file="server.go:86"
time="2022-11-19T15:44:09+05:00" level=info msg="Initialization config" func="main.main()" file="main.go:28"
time="2022-11-19T15:44:09+05:00" level=info msg="connecting to postgres" func="main.main()" file="main.go:34"
time="2022-11-19T15:44:09+05:00" level=info msg="connecting to redis" func="main.main()" file="main.go:48"
time="2022-11-19T15:44:09+05:00" level=info msg="Starting server on port: 9090" func="main.main()" file="main.go:68"
time="2022-11-19T16:00:39+05:00" level=info msg="Initialization config" func="main.main()" file="main.go:28"
time="2022-11-19T16:00:39+05:00" level=info msg="connecting to postgres" func="main.main()" file="main.go:34"
time="2022-11-19T16:00:39+05:00" level=info msg="connecting to redis" func="main.main()" file="main.go:48"
time="2022-11-19T16:00:39+05:00" level=info msg="Starting server on port: 9090" func="main.main()" file="main.go:68"
time="2022-11-19T16:00:57+05:00" level=info msg="unary interceptor: /AuthService/GetUser" func="github.com/khusainnov/auth-service.unaryInterceptor()" file="server.go:45"
time="2022-11-19T18:57:18+05:00" level=info msg="Initialization config" func="main.main()" file="main.go:28"
time="2022-11-19T18:57:18+05:00" level=info msg="connecting to postgres" func="main.main()" file="main.go:34"
time="2022-11-19T18:57:18+05:00" level=info msg="connecting to redis" func="main.main()" file="main.go:48"
time="2022-11-19T18:57:18+05:00" level=info msg="Starting server on port: 9090" func="main.main()" file="main.go:68"
time="2022-11-19T18:57:49+05:00" level=info msg="unary interceptor: /AuthService/CreateUser" func="github.com/khusainnov/auth-service.unaryInterceptor()" file="server.go:37"
time="2022-11-19T18:59:04+05:00" level=info msg="unary interceptor: /AuthService/CreateUser" func="github.com/khusainnov/auth-service.unaryInterceptor()" file="server.go:37"
time="2022-11-19T19:02:56+05:00" level=info msg="Initialization config" func="main.main()" file="main.go:28"
time="2022-11-19T19:02:56+05:00" level=info msg="connecting to postgres" func="main.main()" file="main.go:34"
time="2022-11-19T19:02:56+05:00" level=info msg="connecting to redis" func="main.main()" file="main.go:48"
time="2022-11-19T19:02:56+05:00" level=info msg="Starting server on port: 9090" func="main.main()" file="main.go:68"
time="2022-11-19T19:03:25+05:00" level=info msg="unary interceptor: /AuthService/CreateUser" func="github.com/khusainnov/auth-service.unaryInterceptor()" file="server.go:37"
time="2022-11-19T19:04:49+05:00" level=info msg="Initialization config" func="main.main()" file="main.go:28"
time="2022-11-19T19:04:49+05:00" level=info msg="connecting to postgres" func="main.main()" file="main.go:34"
time="2022-11-19T19:04:49+05:00" level=info msg="connecting to redis" func="main.main()" file="main.go:48"
time="2022-11-19T19:04:49+05:00" level=info msg="Starting server on port: 9090" func="main.main()" file="main.go:68"
time="2022-11-19T19:05:10+05:00" level=info msg="unary interceptor: /AuthService/CreateUser" func="github.com/khusainnov/auth-service.unaryInterceptor()" file="server.go:37"
time="2022-11-19T19:05:37+05:00" level=info msg="unary interceptor: /AuthService/CreateUser" func="github.com/khusainnov/auth-service.unaryInterceptor()" file="server.go:37"
time="2022-11-19T19:09:36+05:00" level=info msg="unary interceptor: /AuthService/CreateUser" func="github.com/khusainnov/auth-service.unaryInterceptor()" file="server.go:37"
time="2022-11-19T20:06:56+05:00" level=info msg="Initialization config" func="main.main()" file="main.go:28"
time="2022-11-19T20:06:56+05:00" level=info msg="connecting to postgres" func="main.main()" file="main.go:34"
time="2022-11-19T20:06:56+05:00" level=info msg="connecting to redis" func="main.main()" file="main.go:48"
time="2022-11-19T20:06:56+05:00" level=info msg="Starting server on port: 9090" func="main.main()" file="main.go:68"
time="2022-11-19T20:07:04+05:00" level=info msg="stream interceptor: /grpc.reflection.v1alpha.ServerReflection/ServerReflectionInfo" func="github.com/khusainnov/auth-service.streamInterceptor()" file="server.go:42"
time="2022-11-19T20:07:37+05:00" level=info msg="unary interceptor: /AuthService/CreateUser" func="github.com/khusainnov/auth-service.unaryInterceptor()" file="server.go:37"
time="2022-11-19T20:09:57+05:00" level=info msg="Initialization config" func="main.main()" file="main.go:28"
time="2022-11-19T20:09:57+05:00" level=info msg="connecting to postgres" func="main.main()" file="main.go:34"
time="2022-11-19T20:09:57+05:00" level=info msg="connecting to redis" func="main.main()" file="main.go:48"
time="2022-11-19T20:09:57+05:00" level=info msg="Starting server on port: 9090" func="main.main()" file="main.go:68"
time="2022-11-19T20:10:28+05:00" level=info msg="unary interceptor: /AuthService/CreateUser" func="github.com/khusainnov/auth-service.unaryInterceptor()" file="server.go:37"
time="2022-11-19T20:11:36+05:00" level=info msg="Initialization config" func="main.main()" file="main.go:28"
time="2022-11-19T20:11:36+05:00" level=info msg="connecting to postgres" func="main.main()" file="main.go:34"
time="2022-11-19T20:11:36+05:00" level=info msg="connecting to redis" func="main.main()" file="main.go:48"
time="2022-11-19T20:11:36+05:00" level=info msg="Starting server on port: 9090" func="main.main()" file="main.go:68"
time="2022-11-19T20:12:15+05:00" level=info msg="unary interceptor: /AuthService/CreateUser" func="github.com/khusainnov/auth-service.unaryInterceptor()" file="server.go:37"
time="2022-11-19T20:12:53+05:00" level=info msg="stream interceptor: /grpc.reflection.v1alpha.ServerReflection/ServerReflectionInfo" func="github.com/khusainnov/auth-service.streamInterceptor()" file="server.go:42"
time="2022-11-19T20:13:02+05:00" level=info msg="unary interceptor: /AuthService/GetUser" func="github.com/khusainnov/auth-service.unaryInterceptor()" file="server.go:37"
time="2022-11-19T20:13:15+05:00" level=info msg="unary interceptor: /AuthService/GetUser" func="github.com/khusainnov/auth-service.unaryInterceptor()" file="server.go:37"
time="2022-11-19T20:14:29+05:00" level=info msg="unary interceptor: /AuthService/GetUser" func="github.com/khusainnov/auth-service.unaryInterceptor()" file="server.go:37"
time="2022-11-19T20:17:07+05:00" level=info msg="Initialization config" func="main.main()" file="main.go:28"
time="2022-11-19T20:17:07+05:00" level=info msg="connecting to postgres" func="main.main()" file="main.go:34"
time="2022-11-19T20:17:07+05:00" level=info msg="connecting to redis" func="main.main()" file="main.go:48"
time="2022-11-19T20:17:07+05:00" level=info msg="Starting server on port: 9090" func="main.main()" file="main.go:68"
time="2022-11-19T20:17:19+05:00" level=info msg="unary interceptor: /AuthService/GetUser" func="github.com/khusainnov/auth-service.unaryInterceptor()" file="server.go:37"
time="2022-11-19T20:17:30+05:00" level=info msg="Initialization config" func="main.main()" file="main.go:28"
time="2022-11-19T20:17:30+05:00" level=info msg="connecting to postgres" func="main.main()" file="main.go:34"
time="2022-11-19T20:17:30+05:00" level=info msg="connecting to redis" func="main.main()" file="main.go:48"
time="2022-11-19T20:17:30+05:00" level=info msg="Starting server on port: 9090" func="main.main()" file="main.go:68"
time="2022-11-19T20:17:35+05:00" level=info msg="unary interceptor: /AuthService/GetUser" func="github.com/khusainnov/auth-service.unaryInterceptor()" file="server.go:37"
time="2022-11-19T20:22:51+05:00" level=info msg="Initialization config" func="main.main()" file="main.go:28"
time="2022-11-19T20:22:51+05:00" level=info msg="connecting to postgres" func="main.main()" file="main.go:34"
time="2022-11-19T20:22:51+05:00" level=info msg="connecting to redis" func="main.main()" file="main.go:48"
time="2022-11-19T20:22:51+05:00" level=info msg="Starting server on port: 9090" func="main.main()" file="main.go:68"
time="2022-11-19T20:23:23+05:00" level=info msg="unary interceptor: /AuthService/CreateUser" func="github.com/khusainnov/auth-service.unaryInterceptor()" file="server.go:37"
time="2022-11-20T10:07:18+05:00" level=info msg="Initialization config" func="main.main()" file="main.go:28"
time="2022-11-20T10:07:18+05:00" level=info msg="connecting to postgres" func="main.main()" file="main.go:34"
time="2022-11-20T10:07:18+05:00" level=error msg="cannot run postgres db, due to error: dial tcp [::1]:5435: connect: connection refused" func="main.main()" file="main.go:44"
time="2022-11-20T10:07:18+05:00" level=info msg="connecting to redis" func="main.main()" file="main.go:48"
time="2022-11-20T10:07:18+05:00" level=fatal msg="cannot connect to redis, due to error: dial tcp [::1]:6379: connect: connection refused" func="main.main()" file="main.go:59"
time="2022-11-20T10:07:54+05:00" level=info msg="Initialization config" func="main.main()" file="main.go:28"
time="2022-11-20T10:07:54+05:00" level=info msg="connecting to postgres" func="main.main()" file="main.go:34"
time="2022-11-20T10:07:54+05:00" level=info msg="connecting to redis" func="main.main()" file="main.go:48"
time="2022-11-20T10:07:54+05:00" level=info msg="Starting server on port: 9090" func="main.main()" file="main.go:68"
time="2022-11-20T10:54:13+05:00" level=info msg="Initialization config" func="main.main()" file="main.go:28"
time="2022-11-20T10:54:13+05:00" level=info msg="connecting to postgres" func="main.main()" file="main.go:34"
time="2022-11-20T10:54:13+05:00" level=info msg="connecting to redis" func="main.main()" file="main.go:48"
time="2022-11-20T10:54:13+05:00" level=info msg="Starting server on port: 9090" func="main.main()" file="main.go:68"
time="2022-11-20T10:54:29+05:00" level=info msg="stream interceptor: /grpc.reflection.v1alpha.ServerReflection/ServerReflectionInfo" func="github.com/khusainnov/auth-service.streamInterceptor()" file="server.go:42"
time="2022-11-20T10:54:58+05:00" level=info msg="unary interceptor: /AuthService/CreateUser" func="github.com/khusainnov/auth-service.unaryInterceptor()" file="server.go:37"
time="2022-11-20T12:22:46+05:00" level=info msg="Initialization config" func="main.main()" file="main.go:28"
time="2022-11-20T12:22:46+05:00" level=info msg="connecting to postgres" func="main.main()" file="main.go:34"
time="2022-11-20T12:22:46+05:00" level=info msg="connecting to redis" func="main.main()" file="main.go:48"
time="2022-11-20T12:22:46+05:00" level=info msg="Starting server on port: 9090" func="main.main()" file="main.go:69"
time="2022-11-20T12:23:08+05:00" level=info msg="stream interceptor: /grpc.reflection.v1alpha.ServerReflection/ServerReflectionInfo" func="github.com/khusainnov/auth-service.streamInterceptor()" file="server.go:50"
time="2022-11-20T12:24:31+05:00" level=info msg="unary interceptor: /WorkService/CreateFile" func="github.com/khusainnov/auth-service.unaryInterceptor()" file="server.go:45"
